<?xml version="1.0" encoding="UTF-8"?>
<!-- Generated by org.testng.reporters.JUnitReportReporter -->
<testsuite hostname="DESKTOP-VVFUTVG" failures="0" tests="1" name="assertion.HardAssert" time="6.923" errors="0" timestamp="2024-01-18T12:54:02 IST" skipped="0">
  <testcase classname="assertion.HardAssert" name="creating_SpecAND_Adding_DoctorTest" time="6.923"/>
  <system-out/>
</testsuite> <!-- assertion.HardAssert -->
