<?xml version="1.0" encoding="UTF-8"?>
<!-- Generated by org.testng.reporters.JUnitReportReporter -->
<testsuite hostname="DESKTOP-VVFUTVG" failures="0" tests="5" name="DataProviderPrint" time="0.023" errors="0" timestamp="2024-01-16T16:45:02 IST" skipped="0">
  <testcase classname="DataProviderPrint" name="executeTest" time="0.005"/>
  <system-out/>
  <testcase classname="DataProviderPrint" name="executeTest" time="0.003"/>
  <system-out/>
  <testcase classname="DataProviderPrint" name="executeTest" time="0.010"/>
  <system-out/>
  <testcase classname="DataProviderPrint" name="executeTest" time="0.002"/>
  <system-out/>
  <testcase classname="DataProviderPrint" name="executeTest" time="0.003"/>
  <system-out/>
</testsuite> <!-- DataProviderPrint -->
