<?xml version="1.0" encoding="UTF-8"?>
<!-- Generated by org.testng.reporters.JUnitReportReporter -->
<testsuite hostname="DESKTOP-VVFUTVG" failures="0" tests="7" name="ReadDataFromExcel" time="0.026" errors="0" timestamp="2024-01-16T17:47:17 IST" skipped="0">
  <testcase classname="ReadDataFromExcel" name="ReadData" time="0.001"/>
  <system-out/>
  <testcase classname="ReadDataFromExcel" name="ReadData" time="0.008"/>
  <system-out/>
  <testcase classname="ReadDataFromExcel" name="ReadData" time="0.002"/>
  <system-out/>
  <testcase classname="ReadDataFromExcel" name="ReadData" time="0.008"/>
  <system-out/>
  <testcase classname="ReadDataFromExcel" name="ReadData" time="0.001"/>
  <system-out/>
  <testcase classname="ReadDataFromExcel" name="ReadData" time="0.002"/>
  <system-out/>
  <testcase classname="ReadDataFromExcel" name="ReadData" time="0.004"/>
  <system-out/>
</testsuite> <!-- ReadDataFromExcel -->
