<?xml version="1.0" encoding="UTF-8"?>
<!-- Generated by org.testng.reporters.JUnitReportReporter -->
<testsuite hostname="DESKTOP-VVFUTVG" failures="0" tests="2" name="com.Doctor_module.Testing2" time="0.012" errors="0" timestamp="2024-01-23T13:31:58 IST" skipped="0">
  <testcase classname="com.Doctor_module.Testing2" name="m4" time="0.002"/>
  <system-out/>
  <testcase classname="com.Doctor_module.Testing2" name="m3" time="0.010"/>
  <system-out/>
</testsuite> <!-- com.Doctor_module.Testing2 -->
