<?xml version="1.0" encoding="UTF-8"?>
<!-- Generated by org.testng.reporters.JUnitReportReporter -->
<testsuite hostname="DESKTOP-VVFUTVG" failures="0" tests="1" name="com.Admin_Module.ADMIN_END_TO_ENDTest" time="46.268" errors="0" timestamp="2024-01-19T15:42:49 IST" skipped="0">
  <testcase classname="com.Admin_Module.ADMIN_END_TO_ENDTest" name="aDMIN_END_TO_ENDTest" time="46.268"/>
  <system-out>
    <![CDATA[aDMIN_END_TO_ENDTest
Specialization Created
aDMIN_END_TO_ENDTest]]>
  </system-out>
</testsuite> <!-- com.Admin_Module.ADMIN_END_TO_ENDTest -->
