<?xml version="1.0" encoding="UTF-8"?>
<!-- Generated by org.testng.reporters.JUnitReportReporter -->
<testsuite hostname="DESKTOP-VVFUTVG" failures="0" tests="2" name="com.Doctor_module.Testing5" time="0.005" errors="0" timestamp="2024-01-23T16:17:02 IST" skipped="0">
  <testcase classname="com.Doctor_module.Testing5" name="m10" time="0.002"/>
  <system-out/>
  <testcase classname="com.Doctor_module.Testing5" name="m9" time="0.003"/>
  <system-out/>
</testsuite> <!-- com.Doctor_module.Testing5 -->
