<?xml version="1.0" encoding="UTF-8"?>
<!-- Generated by org.testng.reporters.JUnitReportReporter -->
<testsuite hostname="DESKTOP-VVFUTVG" failures="0" tests="2" name="com.Doctor_module.Testing4" time="0.020" errors="0" timestamp="2024-01-23T16:17:03 IST" skipped="0">
  <testcase classname="com.Doctor_module.Testing4" name="m7" time="0.018"/>
  <system-out/>
  <testcase classname="com.Doctor_module.Testing4" name="m8" time="0.002"/>
  <system-out/>
</testsuite> <!-- com.Doctor_module.Testing4 -->
