<?xml version="1.0" encoding="UTF-8"?>
<!-- Generated by org.testng.reporters.JUnitReportReporter -->
<testsuite hostname="DESKTOP-VVFUTVG" failures="0" tests="2" name="com.Admin_Module.Testing2" time="0.011" errors="0" timestamp="2024-01-23T16:17:03 IST" skipped="0">
  <testcase classname="com.Admin_Module.Testing2" name="m4" time="0.006"/>
  <system-out/>
  <testcase classname="com.Admin_Module.Testing2" name="m3" time="0.005"/>
  <system-out/>
</testsuite> <!-- com.Admin_Module.Testing2 -->
