<?xml version="1.0" encoding="UTF-8"?>
<!-- Generated by org.testng.reporters.JUnitReportReporter -->
<testsuite hostname="DESKTOP-VVFUTVG" failures="0" tests="2" name="com.Admin_Module.Testing1" time="0.023" errors="0" timestamp="2024-01-23T16:17:03 IST" skipped="0">
  <testcase classname="com.Admin_Module.Testing1" name="m1" time="0.018"/>
  <system-out/>
  <testcase classname="com.Admin_Module.Testing1" name="m2" time="0.005"/>
  <system-out/>
</testsuite> <!-- com.Admin_Module.Testing1 -->
