<?xml version="1.0" encoding="UTF-8"?>
<!-- Generated by org.testng.reporters.JUnitReportReporter -->
<testsuite hostname="DESKTOP-VVFUTVG" failures="0" tests="1" name="com.Admin_Module.DEpendsOn" time="10.672" errors="0" timestamp="2024-01-19T16:03:40 IST" skipped="0">
  <testcase classname="com.Admin_Module.DEpendsOn" name="creating_SpecAND_Adding_DoctorTest" time="10.672"/>
  <system-out>
    <![CDATA[creating_SpecAND_Adding_DoctorTest
creating_SpecAND_Adding_DoctorTest]]>
  </system-out>
</testsuite> <!-- com.Admin_Module.DEpendsOn -->
